<?xml version="1.0" encoding="UTF-8"?>
<!-- Generated by org.testng.reporters.JUnitXMLReporter -->
<testsuite hostname="unknown" ignored="0" name="Default test" tests="14" failures="0" timestamp="2020-08-25T15:54:48 IST" time="47.482" errors="0">
  <testcase name="@BeforeMethod initialize" time="47.154" classname="com.meded.qa.Test_cases.LoginPage_Test">
    <failure type="org.openqa.selenium.TimeoutException" message="timeout: Timed out receiving message from renderer: 38.631
  (Session info: chrome=84.0.4147.135)
Build info: version: &amp;apos;3.141.59&amp;apos;, revision: &amp;apos;e82be7d358&amp;apos;, time: &amp;apos;2018-11-14T08:17:03&amp;apos;
System info: host: &amp;apos;UNKNOWN&amp;apos;, ip: &amp;apos;192.168.225.241&amp;apos;, os.name: &amp;apos;Windows 10&amp;apos;, os.arch: &amp;apos;amd64&amp;apos;, os.version: &amp;apos;10.0&amp;apos;, java.version: &amp;apos;1.8.0_251&amp;apos;
Driver info: org.openqa.selenium.chrome.ChromeDriver
Capabilities {acceptInsecureCerts: true, browserName: chrome, browserVersion: 84.0.4147.135, chrome: {chromedriverVersion: 83.0.4103.39 (ccbf011cb2d2b..., userDataDir: C:\Users\hp\AppData\Local\T...}, goog:chromeOptions: {debuggerAddress: localhost:60952}, javascriptEnabled: true, networkConnectionEnabled: false, pageLoadStrategy: normal, platform: WINDOWS, platformName: WINDOWS, proxy: Proxy(), setWindowRect: true, strictFileInteractability: false, timeouts: {implicit: 0, pageLoad: 300000, script: 30000}, unhandledPromptBehavior: dismiss and notify, webauthn:virtualAuthenticators: true}
Session ID: b72d2020102945f9cd7b7e1ba711e48f">
      <![CDATA[org.openqa.selenium.TimeoutException: timeout: Timed out receiving message from renderer: 38.631
  (Session info: chrome=84.0.4147.135)
Build info: version: '3.141.59', revision: 'e82be7d358', time: '2018-11-14T08:17:03'
System info: host: 'UNKNOWN', ip: '192.168.225.241', os.name: 'Windows 10', os.arch: 'amd64', os.version: '10.0', java.version: '1.8.0_251'
Driver info: org.openqa.selenium.chrome.ChromeDriver
Capabilities {acceptInsecureCerts: true, browserName: chrome, browserVersion: 84.0.4147.135, chrome: {chromedriverVersion: 83.0.4103.39 (ccbf011cb2d2b..., userDataDir: C:\Users\hp\AppData\Local\T...}, goog:chromeOptions: {debuggerAddress: localhost:60952}, javascriptEnabled: true, networkConnectionEnabled: false, pageLoadStrategy: normal, platform: WINDOWS, platformName: WINDOWS, proxy: Proxy(), setWindowRect: true, strictFileInteractability: false, timeouts: {implicit: 0, pageLoad: 300000, script: 30000}, unhandledPromptBehavior: dismiss and notify, webauthn:virtualAuthenticators: true}
Session ID: b72d2020102945f9cd7b7e1ba711e48f
at sun.reflect.NativeConstructorAccessorImpl.newInstance0(Native Method)
at sun.reflect.NativeConstructorAccessorImpl.newInstance(Unknown Source)
at sun.reflect.DelegatingConstructorAccessorImpl.newInstance(Unknown Source)
at java.lang.reflect.Constructor.newInstance(Unknown Source)
at org.openqa.selenium.remote.http.W3CHttpResponseCodec.createException(W3CHttpResponseCodec.java:187)
at org.openqa.selenium.remote.http.W3CHttpResponseCodec.decode(W3CHttpResponseCodec.java:122)
at org.openqa.selenium.remote.http.W3CHttpResponseCodec.decode(W3CHttpResponseCodec.java:49)
at org.openqa.selenium.remote.HttpCommandExecutor.execute(HttpCommandExecutor.java:158)
at org.openqa.selenium.remote.service.DriverCommandExecutor.execute(DriverCommandExecutor.java:83)
at org.openqa.selenium.remote.RemoteWebDriver.execute(RemoteWebDriver.java:552)
at org.openqa.selenium.remote.RemoteWebDriver.get(RemoteWebDriver.java:277)
at com.meded.qa.Base.Base.Initialization(Base.java:75)
at com.meded.qa.Test_cases.LoginPage_Test.initialize(LoginPage_Test.java:23)
at sun.reflect.NativeMethodAccessorImpl.invoke0(Native Method)
at sun.reflect.NativeMethodAccessorImpl.invoke(Unknown Source)
at sun.reflect.DelegatingMethodAccessorImpl.invoke(Unknown Source)
at java.lang.reflect.Method.invoke(Unknown Source)
at org.testng.internal.MethodInvocationHelper.invokeMethod(MethodInvocationHelper.java:133)
at org.testng.internal.MethodInvocationHelper.invokeMethodConsideringTimeout(MethodInvocationHelper.java:62)
at org.testng.internal.ConfigInvoker.invokeConfigurationMethod(ConfigInvoker.java:340)
at org.testng.internal.ConfigInvoker.invokeConfigurations(ConfigInvoker.java:294)
at org.testng.internal.TestInvoker.runConfigMethods(TestInvoker.java:683)
at org.testng.internal.TestInvoker.invokeMethod(TestInvoker.java:510)
at org.testng.internal.TestInvoker.invokeTestMethod(TestInvoker.java:172)
at org.testng.internal.MethodRunner.runInSequence(MethodRunner.java:46)
at org.testng.internal.TestInvoker$MethodInvocationAgent.invoke(TestInvoker.java:804)
at org.testng.internal.TestInvoker.invokeTestMethods(TestInvoker.java:145)
at org.testng.internal.TestMethodWorker.invokeTestMethods(TestMethodWorker.java:146)
at org.testng.internal.TestMethodWorker.run(TestMethodWorker.java:128)
at java.util.ArrayList.forEach(Unknown Source)
at org.testng.TestRunner.privateRun(TestRunner.java:770)
at org.testng.TestRunner.run(TestRunner.java:591)
at org.testng.SuiteRunner.runTest(SuiteRunner.java:402)
at org.testng.SuiteRunner.runSequentially(SuiteRunner.java:396)
at org.testng.SuiteRunner.privateRun(SuiteRunner.java:355)
at org.testng.SuiteRunner.run(SuiteRunner.java:304)
at org.testng.SuiteRunnerWorker.runSuite(SuiteRunnerWorker.java:53)
at org.testng.SuiteRunnerWorker.run(SuiteRunnerWorker.java:96)
at org.testng.TestNG.runSuitesSequentially(TestNG.java:1180)
at org.testng.TestNG.runSuitesLocally(TestNG.java:1102)
at org.testng.TestNG.runSuites(TestNG.java:1032)
at org.testng.TestNG.run(TestNG.java:1000)
at org.testng.remote.AbstractRemoteTestNG.run(AbstractRemoteTestNG.java:115)
at org.testng.remote.RemoteTestNG.initAndRun(RemoteTestNG.java:251)
at org.testng.remote.RemoteTestNG.main(RemoteTestNG.java:77)
]]>
    </failure>
  </testcase> <!-- @BeforeMethod initialize -->
  <testcase name="@AfterMethod shutDown" time="-1.59835108825E9" classname="com.meded.qa.Test_cases.LoginPage_Test">
    <skipped/>
  </testcase> <!-- @AfterMethod shutDown -->
  <testcase name="@BeforeMethod initialize" time="-1.598351088277E9" classname="com.meded.qa.Test_cases.LoginPage_Test">
    <skipped/>
  </testcase> <!-- @BeforeMethod initialize -->
  <testcase name="@AfterMethod shutDown" time="-1.598351088285E9" classname="com.meded.qa.Test_cases.LoginPage_Test">
    <skipped/>
  </testcase> <!-- @AfterMethod shutDown -->
  <testcase name="@BeforeMethod initialize" time="-1.598351088288E9" classname="com.meded.qa.Test_cases.LoginPage_Test">
    <skipped/>
  </testcase> <!-- @BeforeMethod initialize -->
  <testcase name="@AfterMethod shutDown" time="-1.598351088301E9" classname="com.meded.qa.Test_cases.LoginPage_Test">
    <skipped/>
  </testcase> <!-- @AfterMethod shutDown -->
  <testcase name="@BeforeMethod initialize" time="-1.598351088305E9" classname="com.meded.qa.Test_cases.LoginPage_Test">
    <skipped/>
  </testcase> <!-- @BeforeMethod initialize -->
  <testcase name="@AfterMethod shutDown" time="-1.598351088324E9" classname="com.meded.qa.Test_cases.LoginPage_Test">
    <skipped/>
  </testcase> <!-- @AfterMethod shutDown -->
  <testcase name="@BeforeMethod initialize" time="-1.598351088329E9" classname="com.meded.qa.Test_cases.LoginPage_Test">
    <skipped/>
  </testcase> <!-- @BeforeMethod initialize -->
  <testcase name="@AfterMethod shutDown" time="-1.598351088332E9" classname="com.meded.qa.Test_cases.LoginPage_Test">
    <skipped/>
  </testcase> <!-- @AfterMethod shutDown -->
  <testcase name="@BeforeMethod initialize" time="-1.598351088338E9" classname="com.meded.qa.Test_cases.LoginPage_Test">
    <skipped/>
  </testcase> <!-- @BeforeMethod initialize -->
  <testcase name="@AfterMethod shutDown" time="-1.598351088352E9" classname="com.meded.qa.Test_cases.LoginPage_Test">
    <skipped/>
  </testcase> <!-- @AfterMethod shutDown -->
  <testcase name="@BeforeMethod initialize" time="-1.598351088382E9" classname="com.meded.qa.Test_cases.LoginPage_Test">
    <skipped/>
  </testcase> <!-- @BeforeMethod initialize -->
  <testcase name="@AfterMethod shutDown" time="-1.598351088398E9" classname="com.meded.qa.Test_cases.LoginPage_Test">
    <skipped/>
  </testcase> <!-- @AfterMethod shutDown -->
  <testcase name="@BeforeMethod initialize" time="-1.598351088402E9" classname="com.meded.qa.Test_cases.LoginPage_Test">
    <skipped/>
  </testcase> <!-- @BeforeMethod initialize -->
  <testcase name="@AfterMethod shutDown" time="-1.598351088412E9" classname="com.meded.qa.Test_cases.LoginPage_Test">
    <skipped/>
  </testcase> <!-- @AfterMethod shutDown -->
  <testcase name="@BeforeMethod initialize" time="-1.598351088412E9" classname="com.meded.qa.Test_cases.LoginPage_Test">
    <skipped/>
  </testcase> <!-- @BeforeMethod initialize -->
  <testcase name="@AfterMethod shutDown" time="-1.598351088422E9" classname="com.meded.qa.Test_cases.LoginPage_Test">
    <skipped/>
  </testcase> <!-- @AfterMethod shutDown -->
  <testcase name="@BeforeMethod initialize" time="-1.598351088423E9" classname="com.meded.qa.Test_cases.LoginPage_Test">
    <skipped/>
  </testcase> <!-- @BeforeMethod initialize -->
  <testcase name="@AfterMethod shutDown" time="-1.598351088432E9" classname="com.meded.qa.Test_cases.LoginPage_Test">
    <skipped/>
  </testcase> <!-- @AfterMethod shutDown -->
  <testcase name="@BeforeMethod initialize" time="-1.598351088433E9" classname="com.meded.qa.Test_cases.LoginPage_Test">
    <skipped/>
  </testcase> <!-- @BeforeMethod initialize -->
  <testcase name="@AfterMethod shutDown" time="-1.598351088436E9" classname="com.meded.qa.Test_cases.LoginPage_Test">
    <skipped/>
  </testcase> <!-- @AfterMethod shutDown -->
  <testcase name="@BeforeMethod initialize" time="-1.598351088445E9" classname="com.meded.qa.Test_cases.LoginPage_Test">
    <skipped/>
  </testcase> <!-- @BeforeMethod initialize -->
  <testcase name="@AfterMethod shutDown" time="-1.598351088454E9" classname="com.meded.qa.Test_cases.LoginPage_Test">
    <skipped/>
  </testcase> <!-- @AfterMethod shutDown -->
  <testcase name="@BeforeMethod initialize" time="-1.598351088455E9" classname="com.meded.qa.Test_cases.LoginPage_Test">
    <skipped/>
  </testcase> <!-- @BeforeMethod initialize -->
  <testcase name="@AfterMethod shutDown" time="-1.59835108846E9" classname="com.meded.qa.Test_cases.LoginPage_Test">
    <skipped/>
  </testcase> <!-- @AfterMethod shutDown -->
  <testcase name="@BeforeMethod initialize" time="-1.598351088463E9" classname="com.meded.qa.Test_cases.LoginPage_Test">
    <skipped/>
  </testcase> <!-- @BeforeMethod initialize -->
  <testcase name="@AfterMethod shutDown" time="-1.59835108847E9" classname="com.meded.qa.Test_cases.LoginPage_Test">
    <skipped/>
  </testcase> <!-- @AfterMethod shutDown -->
  <testcase name="logIn_With_ValidEmail_And_ValidPassword" time="0.0" classname="com.meded.qa.Test_cases.LoginPage_Test">
    <skipped/>
  </testcase> <!-- logIn_With_ValidEmail_And_ValidPassword -->
  <testcase name="logIn_With_InvalidEmail_And_ValidPassword" time="0.0" classname="com.meded.qa.Test_cases.LoginPage_Test">
    <skipped/>
  </testcase> <!-- logIn_With_InvalidEmail_And_ValidPassword -->
  <testcase name="login_With_ValidEmail_And_InvalidPassword" time="0.0" classname="com.meded.qa.Test_cases.LoginPage_Test">
    <skipped/>
  </testcase> <!-- login_With_ValidEmail_And_InvalidPassword -->
  <testcase name="login_With_InvalidEmail_And_InvalidPassword" time="0.0" classname="com.meded.qa.Test_cases.LoginPage_Test">
    <skipped/>
  </testcase> <!-- login_With_InvalidEmail_And_InvalidPassword -->
  <testcase name="login_With_BlankEmail_And_BlankPassword" time="0.0" classname="com.meded.qa.Test_cases.LoginPage_Test">
    <skipped/>
  </testcase> <!-- login_With_BlankEmail_And_BlankPassword -->
  <testcase name="loginButton_Disabled_Without_Credentials" time="0.001" classname="com.meded.qa.Test_cases.LoginPage_Test">
    <skipped/>
  </testcase> <!-- loginButton_Disabled_Without_Credentials -->
  <testcase name="loginButton_Enabled_With_Credentials" time="0.0" classname="com.meded.qa.Test_cases.LoginPage_Test">
    <skipped/>
  </testcase> <!-- loginButton_Enabled_With_Credentials -->
  <testcase name="resetPasswordPage_RedirectedTO_Loginpage" time="0.0" classname="com.meded.qa.Test_cases.LoginPage_Test">
    <skipped/>
  </testcase> <!-- resetPasswordPage_RedirectedTO_Loginpage -->
  <testcase name="echonousLogo_Displayed" time="0.0" classname="com.meded.qa.Test_cases.LoginPage_Test">
    <skipped/>
  </testcase> <!-- echonousLogo_Displayed -->
  <testcase name="loginYourAccount_Displayed" time="0.0" classname="com.meded.qa.Test_cases.LoginPage_Test">
    <skipped/>
  </testcase> <!-- loginYourAccount_Displayed -->
  <testcase name="rememberMe_Dsiplayed" time="0.0" classname="com.meded.qa.Test_cases.LoginPage_Test">
    <skipped/>
  </testcase> <!-- rememberMe_Dsiplayed -->
  <testcase name="remeberMe_Checkbox_Unselected_Bydefault" time="0.0" classname="com.meded.qa.Test_cases.LoginPage_Test">
    <skipped/>
  </testcase> <!-- remeberMe_Checkbox_Unselected_Bydefault -->
  <testcase name="sendButton_Enabled_WhenEmailProvided" time="0.0" classname="com.meded.qa.Test_cases.LoginPage_Test">
    <skipped/>
  </testcase> <!-- sendButton_Enabled_WhenEmailProvided -->
  <testcase name="sendButton_Disabled_WhenEmailNotProvided" time="0.0" classname="com.meded.qa.Test_cases.LoginPage_Test">
    <skipped/>
  </testcase> <!-- sendButton_Disabled_WhenEmailNotProvided -->
</testsuite> <!-- Default test -->
